{"numFailedTestSuites":4,"numFailedTests":3,"numPassedTestSuites":3,"numPassedTests":3,"numPendingTestSuites":0,"numPendingTests":0,"numRuntimeErrorTestSuites":1,"numTodoTests":0,"numTotalTestSuites":7,"numTotalTests":6,"openHandles":[],"snapshot":{"added":0,"didUpdate":false,"failure":false,"filesAdded":0,"filesRemoved":0,"filesRemovedList":[],"filesUnmatched":0,"filesUpdated":0,"matched":0,"total":0,"unchecked":0,"uncheckedKeysByFile":[],"unmatched":0,"updated":0},"startTime":1578865447602,"success":false,"testResults":[{"assertionResults":[{"ancestorTitles":["Sidemenu Default "],"failureMessages":["TypeError: Cannot read property 'match' of undefined\n    at useRouteMatch (C:\\Users\\sands\\Documents\\Projects\\poetry-slack\\poetry-slack-client\\node_modules\\react-router\\modules\\hooks.js:53:7)\n    at Sidemenu (C:\\Users\\sands\\Documents\\Projects\\poetry-slack\\poetry-slack-client\\src\\components\\Sidemenu\\Sidemenu.jsx:7:18)\n    at renderWithHooks (C:\\Users\\sands\\Documents\\Projects\\poetry-slack\\poetry-slack-client\\node_modules\\react-dom\\cjs\\react-dom.development.js:16260:18)\n    at mountIndeterminateComponent (C:\\Users\\sands\\Documents\\Projects\\poetry-slack\\poetry-slack-client\\node_modules\\react-dom\\cjs\\react-dom.development.js:18794:13)\n    at beginWork$1 (C:\\Users\\sands\\Documents\\Projects\\poetry-slack\\poetry-slack-client\\node_modules\\react-dom\\cjs\\react-dom.development.js:20162:16)\n    at HTMLUnknownElement.callCallback (C:\\Users\\sands\\Documents\\Projects\\poetry-slack\\poetry-slack-client\\node_modules\\react-dom\\cjs\\react-dom.development.js:336:14)\n    at invokeEventListeners (C:\\Users\\sands\\Documents\\Projects\\poetry-slack\\poetry-slack-client\\node_modules\\jsdom\\lib\\jsdom\\living\\events\\EventTarget-impl.js:193:27)\n    at HTMLUnknownElementImpl._dispatch (C:\\Users\\sands\\Documents\\Projects\\poetry-slack\\poetry-slack-client\\node_modules\\jsdom\\lib\\jsdom\\living\\events\\EventTarget-impl.js:119:9)\n    at HTMLUnknownElementImpl.dispatchEvent (C:\\Users\\sands\\Documents\\Projects\\poetry-slack\\poetry-slack-client\\node_modules\\jsdom\\lib\\jsdom\\living\\events\\EventTarget-impl.js:82:17)\n    at HTMLUnknownElementImpl.dispatchEvent (C:\\Users\\sands\\Documents\\Projects\\poetry-slack\\poetry-slack-client\\node_modules\\jsdom\\lib\\jsdom\\living\\nodes\\HTMLElement-impl.js:30:27)\n    at HTMLUnknownElement.dispatchEvent (C:\\Users\\sands\\Documents\\Projects\\poetry-slack\\poetry-slack-client\\node_modules\\jsdom\\lib\\jsdom\\living\\generated\\EventTarget.js:157:21)\n    at Object.invokeGuardedCallbackDev (C:\\Users\\sands\\Documents\\Projects\\poetry-slack\\poetry-slack-client\\node_modules\\react-dom\\cjs\\react-dom.development.js:385:16)\n    at invokeGuardedCallback (C:\\Users\\sands\\Documents\\Projects\\poetry-slack\\poetry-slack-client\\node_modules\\react-dom\\cjs\\react-dom.development.js:440:31)\n    at beginWork$$1 (C:\\Users\\sands\\Documents\\Projects\\poetry-slack\\poetry-slack-client\\node_modules\\react-dom\\cjs\\react-dom.development.js:25780:7)\n    at performUnitOfWork (C:\\Users\\sands\\Documents\\Projects\\poetry-slack\\poetry-slack-client\\node_modules\\react-dom\\cjs\\react-dom.development.js:24698:12)\n    at workLoopSync (C:\\Users\\sands\\Documents\\Projects\\poetry-slack\\poetry-slack-client\\node_modules\\react-dom\\cjs\\react-dom.development.js:24671:22)\n    at performSyncWorkOnRoot (C:\\Users\\sands\\Documents\\Projects\\poetry-slack\\poetry-slack-client\\node_modules\\react-dom\\cjs\\react-dom.development.js:24270:11)\n    at scheduleUpdateOnFiber (C:\\Users\\sands\\Documents\\Projects\\poetry-slack\\poetry-slack-client\\node_modules\\react-dom\\cjs\\react-dom.development.js:23698:7)\n    at updateContainer (C:\\Users\\sands\\Documents\\Projects\\poetry-slack\\poetry-slack-client\\node_modules\\react-dom\\cjs\\react-dom.development.js:27103:3)\n    at C:\\Users\\sands\\Documents\\Projects\\poetry-slack\\poetry-slack-client\\node_modules\\react-dom\\cjs\\react-dom.development.js:27528:7\n    at unbatchedUpdates (C:\\Users\\sands\\Documents\\Projects\\poetry-slack\\poetry-slack-client\\node_modules\\react-dom\\cjs\\react-dom.development.js:24433:12)\n    at legacyRenderSubtreeIntoContainer (C:\\Users\\sands\\Documents\\Projects\\poetry-slack\\poetry-slack-client\\node_modules\\react-dom\\cjs\\react-dom.development.js:27527:5)\n    at Object.render (C:\\Users\\sands\\Documents\\Projects\\poetry-slack\\poetry-slack-client\\node_modules\\react-dom\\cjs\\react-dom.development.js:27608:10)\n    at C:\\Users\\sands\\Documents\\Projects\\poetry-slack\\poetry-slack-client\\node_modules\\@testing-library\\react\\dist\\pure.js:86:25\n    at batchedUpdates$1 (C:\\Users\\sands\\Documents\\Projects\\poetry-slack\\poetry-slack-client\\node_modules\\react-dom\\cjs\\react-dom.development.js:24386:12)\n    at act (C:\\Users\\sands\\Documents\\Projects\\poetry-slack\\poetry-slack-client\\node_modules\\react-dom\\cjs\\react-dom-test-utils.development.js:1092:14)\n    at render (C:\\Users\\sands\\Documents\\Projects\\poetry-slack\\poetry-slack-client\\node_modules\\@testing-library\\react\\dist\\pure.js:82:26)\n    at customRender (C:\\Users\\sands\\Documents\\Projects\\poetry-slack\\poetry-slack-client\\src\\utils\\test-utils.js:15:30)\n    at Object.it (C:\\Users\\sands\\Documents\\Projects\\poetry-slack\\poetry-slack-client\\src\\storybook\\components\\Sidemenu\\Sidemenu.test.js:7:33)\n    at Object.asyncJestTest (C:\\Users\\sands\\Documents\\Projects\\poetry-slack\\poetry-slack-client\\node_modules\\jest-jasmine2\\build\\jasmineAsyncInstall.js:102:37)\n    at resolve (C:\\Users\\sands\\Documents\\Projects\\poetry-slack\\poetry-slack-client\\node_modules\\jest-jasmine2\\build\\queueRunner.js:43:12)\n    at new Promise (<anonymous>)\n    at mapper (C:\\Users\\sands\\Documents\\Projects\\poetry-slack\\poetry-slack-client\\node_modules\\jest-jasmine2\\build\\queueRunner.js:26:19)\n    at promise.then (C:\\Users\\sands\\Documents\\Projects\\poetry-slack\\poetry-slack-client\\node_modules\\jest-jasmine2\\build\\queueRunner.js:73:41)\n    at process._tickCallback (internal/process/next_tick.js:68:7)"],"fullName":"Sidemenu Default  should render without crashing","location":null,"status":"failed","title":"should render without crashing"}],"endTime":1578865452166,"message":"\u001b[1m\u001b[31m  \u001b[1m● \u001b[1mSidemenu Default  › should render without crashing\u001b[39m\u001b[22m\n\n    TypeError: Cannot read property 'match' of undefined\n\u001b[2m\u001b[22m\n\u001b[2m    \u001b[0m \u001b[90m  5 | \u001b[39m\u001b[0m\u001b[22m\n\u001b[2m    \u001b[0m \u001b[90m  6 | \u001b[39m\u001b[36mconst\u001b[39m \u001b[33mSidemenu\u001b[39m \u001b[33m=\u001b[39m () \u001b[33m=>\u001b[39m {\u001b[0m\u001b[22m\n\u001b[2m    \u001b[0m\u001b[31m\u001b[1m>\u001b[2m\u001b[39m\u001b[90m  7 | \u001b[39m   let { url } \u001b[33m=\u001b[39m useRouteMatch()\u001b[0m\u001b[22m\n\u001b[2m    \u001b[0m \u001b[90m    | \u001b[39m                 \u001b[31m\u001b[1m^\u001b[2m\u001b[39m\u001b[0m\u001b[22m\n\u001b[2m    \u001b[0m \u001b[90m  8 | \u001b[39m\u001b[0m\u001b[22m\n\u001b[2m    \u001b[0m \u001b[90m  9 | \u001b[39m   \u001b[36mconst\u001b[39m { session } \u001b[33m=\u001b[39m useStores()\u001b[0m\u001b[22m\n\u001b[2m    \u001b[0m \u001b[90m 10 | \u001b[39m   \u001b[36mconst\u001b[39m handleClick \u001b[33m=\u001b[39m () \u001b[33m=>\u001b[39m {\u001b[0m\u001b[22m\n\u001b[2m\u001b[22m\n\u001b[2m      \u001b[2mat useRouteMatch (\u001b[2mnode_modules/react-router/modules/hooks.js\u001b[2m:53:7)\u001b[2m\u001b[22m\n\u001b[2m      \u001b[2mat Sidemenu (\u001b[2msrc/components/Sidemenu/Sidemenu.jsx\u001b[2m:7:18)\u001b[2m\u001b[22m\n\u001b[2m      \u001b[2mat renderWithHooks (\u001b[2mnode_modules/react-dom/cjs/react-dom.development.js\u001b[2m:16260:18)\u001b[2m\u001b[22m\n\u001b[2m      \u001b[2mat mountIndeterminateComponent (\u001b[2mnode_modules/react-dom/cjs/react-dom.development.js\u001b[2m:18794:13)\u001b[2m\u001b[22m\n\u001b[2m      \u001b[2mat beginWork$1 (\u001b[2mnode_modules/react-dom/cjs/react-dom.development.js\u001b[2m:20162:16)\u001b[2m\u001b[22m\n\u001b[2m      \u001b[2mat HTMLUnknownElement.callCallback (\u001b[2mnode_modules/react-dom/cjs/react-dom.development.js\u001b[2m:336:14)\u001b[2m\u001b[22m\n\u001b[2m      \u001b[2mat invokeEventListeners (\u001b[2mnode_modules/jsdom/lib/jsdom/living/events/EventTarget-impl.js\u001b[2m:193:27)\u001b[2m\u001b[22m\n\u001b[2m      \u001b[2mat HTMLUnknownElementImpl._dispatch (\u001b[2mnode_modules/jsdom/lib/jsdom/living/events/EventTarget-impl.js\u001b[2m:119:9)\u001b[2m\u001b[22m\n\u001b[2m      \u001b[2mat HTMLUnknownElementImpl.dispatchEvent (\u001b[2mnode_modules/jsdom/lib/jsdom/living/events/EventTarget-impl.js\u001b[2m:82:17)\u001b[2m\u001b[22m\n\u001b[2m      \u001b[2mat HTMLUnknownElementImpl.dispatchEvent (\u001b[2mnode_modules/jsdom/lib/jsdom/living/nodes/HTMLElement-impl.js\u001b[2m:30:27)\u001b[2m\u001b[22m\n\u001b[2m      \u001b[2mat HTMLUnknownElement.dispatchEvent (\u001b[2mnode_modules/jsdom/lib/jsdom/living/generated/EventTarget.js\u001b[2m:157:21)\u001b[2m\u001b[22m\n\u001b[2m      \u001b[2mat Object.invokeGuardedCallbackDev (\u001b[2mnode_modules/react-dom/cjs/react-dom.development.js\u001b[2m:385:16)\u001b[2m\u001b[22m\n\u001b[2m      \u001b[2mat invokeGuardedCallback (\u001b[2mnode_modules/react-dom/cjs/react-dom.development.js\u001b[2m:440:31)\u001b[2m\u001b[22m\n\u001b[2m      \u001b[2mat beginWork$$1 (\u001b[2mnode_modules/react-dom/cjs/react-dom.development.js\u001b[2m:25780:7)\u001b[2m\u001b[22m\n\u001b[2m      \u001b[2mat performUnitOfWork (\u001b[2mnode_modules/react-dom/cjs/react-dom.development.js\u001b[2m:24698:12)\u001b[2m\u001b[22m\n\u001b[2m      \u001b[2mat workLoopSync (\u001b[2mnode_modules/react-dom/cjs/react-dom.development.js\u001b[2m:24671:22)\u001b[2m\u001b[22m\n\u001b[2m      \u001b[2mat performSyncWorkOnRoot (\u001b[2mnode_modules/react-dom/cjs/react-dom.development.js\u001b[2m:24270:11)\u001b[2m\u001b[22m\n\u001b[2m      \u001b[2mat scheduleUpdateOnFiber (\u001b[2mnode_modules/react-dom/cjs/react-dom.development.js\u001b[2m:23698:7)\u001b[2m\u001b[22m\n\u001b[2m      \u001b[2mat updateContainer (\u001b[2mnode_modules/react-dom/cjs/react-dom.development.js\u001b[2m:27103:3)\u001b[2m\u001b[22m\n\u001b[2m      \u001b[2mat \u001b[2mnode_modules/react-dom/cjs/react-dom.development.js\u001b[2m:27528:7\u001b[2m\u001b[22m\n\u001b[2m      \u001b[2mat unbatchedUpdates (\u001b[2mnode_modules/react-dom/cjs/react-dom.development.js\u001b[2m:24433:12)\u001b[2m\u001b[22m\n\u001b[2m      \u001b[2mat legacyRenderSubtreeIntoContainer (\u001b[2mnode_modules/react-dom/cjs/react-dom.development.js\u001b[2m:27527:5)\u001b[2m\u001b[22m\n\u001b[2m      \u001b[2mat Object.render (\u001b[2mnode_modules/react-dom/cjs/react-dom.development.js\u001b[2m:27608:10)\u001b[2m\u001b[22m\n\u001b[2m      \u001b[2mat \u001b[2mnode_modules/@testing-library/react/dist/pure.js\u001b[2m:86:25\u001b[2m\u001b[22m\n\u001b[2m      \u001b[2mat batchedUpdates$1 (\u001b[2mnode_modules/react-dom/cjs/react-dom.development.js\u001b[2m:24386:12)\u001b[2m\u001b[22m\n\u001b[2m      \u001b[2mat act (\u001b[2mnode_modules/react-dom/cjs/react-dom-test-utils.development.js\u001b[2m:1092:14)\u001b[2m\u001b[22m\n\u001b[2m      \u001b[2mat render (\u001b[2mnode_modules/@testing-library/react/dist/pure.js\u001b[2m:82:26)\u001b[2m\u001b[22m\n\u001b[2m      \u001b[2mat customRender (\u001b[2msrc/utils/test-utils.js\u001b[2m:15:30)\u001b[2m\u001b[22m\n\u001b[2m      \u001b[2mat Object.it (\u001b[2m\u001b[0m\u001b[36msrc/storybook/components/Sidemenu/Sidemenu.test.js\u001b[39m\u001b[0m\u001b[2m:7:33)\u001b[2m\u001b[22m\n","name":"C:\\Users\\sands\\Documents\\Projects\\poetry-slack\\poetry-slack-client\\src\\storybook\\components\\Sidemenu\\Sidemenu.test.js","startTime":1578865449301,"status":"failed","summary":""},{"assertionResults":[{"ancestorTitles":["About Default "],"failureMessages":[],"fullName":"About Default  should render without crashing","location":null,"status":"passed","title":"should render without crashing"}],"endTime":1578865452189,"message":"","name":"C:\\Users\\sands\\Documents\\Projects\\poetry-slack\\poetry-slack-client\\src\\storybook\\components\\About\\About.test.js","startTime":1578865449296,"status":"passed","summary":""},{"assertionResults":[{"ancestorTitles":["Haiku Default "],"failureMessages":[],"fullName":"Haiku Default  should render without crashing","location":null,"status":"passed","title":"should render without crashing"}],"endTime":1578865452282,"message":"","name":"C:\\Users\\sands\\Documents\\Projects\\poetry-slack\\poetry-slack-client\\src\\storybook\\features\\Haiku\\Haiku.test.js","startTime":1578865449302,"status":"passed","summary":""},{"assertionResults":[{"ancestorTitles":["BasePage Default "],"failureMessages":["Error: Invariant failed: You should not use <Link> outside a <Router>\n    at invariant (C:\\Users\\sands\\Documents\\Projects\\poetry-slack\\poetry-slack-client\\node_modules\\tiny-invariant\\dist\\tiny-invariant.cjs.js:13:11)\n    at C:\\Users\\sands\\Documents\\Projects\\poetry-slack\\poetry-slack-client\\node_modules\\react-router-dom\\modules\\Link.js:84:11\n    at updateContextConsumer (C:\\Users\\sands\\Documents\\Projects\\poetry-slack\\poetry-slack-client\\node_modules\\react-dom\\cjs\\react-dom.development.js:19844:19)\n    at beginWork$1 (C:\\Users\\sands\\Documents\\Projects\\poetry-slack\\poetry-slack-client\\node_modules\\react-dom\\cjs\\react-dom.development.js:20227:14)\n    at HTMLUnknownElement.callCallback (C:\\Users\\sands\\Documents\\Projects\\poetry-slack\\poetry-slack-client\\node_modules\\react-dom\\cjs\\react-dom.development.js:336:14)\n    at invokeEventListeners (C:\\Users\\sands\\Documents\\Projects\\poetry-slack\\poetry-slack-client\\node_modules\\jsdom\\lib\\jsdom\\living\\events\\EventTarget-impl.js:193:27)\n    at HTMLUnknownElementImpl._dispatch (C:\\Users\\sands\\Documents\\Projects\\poetry-slack\\poetry-slack-client\\node_modules\\jsdom\\lib\\jsdom\\living\\events\\EventTarget-impl.js:119:9)\n    at HTMLUnknownElementImpl.dispatchEvent (C:\\Users\\sands\\Documents\\Projects\\poetry-slack\\poetry-slack-client\\node_modules\\jsdom\\lib\\jsdom\\living\\events\\EventTarget-impl.js:82:17)\n    at HTMLUnknownElementImpl.dispatchEvent (C:\\Users\\sands\\Documents\\Projects\\poetry-slack\\poetry-slack-client\\node_modules\\jsdom\\lib\\jsdom\\living\\nodes\\HTMLElement-impl.js:30:27)\n    at HTMLUnknownElement.dispatchEvent (C:\\Users\\sands\\Documents\\Projects\\poetry-slack\\poetry-slack-client\\node_modules\\jsdom\\lib\\jsdom\\living\\generated\\EventTarget.js:157:21)\n    at Object.invokeGuardedCallbackDev (C:\\Users\\sands\\Documents\\Projects\\poetry-slack\\poetry-slack-client\\node_modules\\react-dom\\cjs\\react-dom.development.js:385:16)\n    at invokeGuardedCallback (C:\\Users\\sands\\Documents\\Projects\\poetry-slack\\poetry-slack-client\\node_modules\\react-dom\\cjs\\react-dom.development.js:440:31)\n    at beginWork$$1 (C:\\Users\\sands\\Documents\\Projects\\poetry-slack\\poetry-slack-client\\node_modules\\react-dom\\cjs\\react-dom.development.js:25780:7)\n    at performUnitOfWork (C:\\Users\\sands\\Documents\\Projects\\poetry-slack\\poetry-slack-client\\node_modules\\react-dom\\cjs\\react-dom.development.js:24698:12)\n    at workLoopSync (C:\\Users\\sands\\Documents\\Projects\\poetry-slack\\poetry-slack-client\\node_modules\\react-dom\\cjs\\react-dom.development.js:24671:22)\n    at performSyncWorkOnRoot (C:\\Users\\sands\\Documents\\Projects\\poetry-slack\\poetry-slack-client\\node_modules\\react-dom\\cjs\\react-dom.development.js:24270:11)\n    at scheduleUpdateOnFiber (C:\\Users\\sands\\Documents\\Projects\\poetry-slack\\poetry-slack-client\\node_modules\\react-dom\\cjs\\react-dom.development.js:23698:7)\n    at updateContainer (C:\\Users\\sands\\Documents\\Projects\\poetry-slack\\poetry-slack-client\\node_modules\\react-dom\\cjs\\react-dom.development.js:27103:3)\n    at C:\\Users\\sands\\Documents\\Projects\\poetry-slack\\poetry-slack-client\\node_modules\\react-dom\\cjs\\react-dom.development.js:27528:7\n    at unbatchedUpdates (C:\\Users\\sands\\Documents\\Projects\\poetry-slack\\poetry-slack-client\\node_modules\\react-dom\\cjs\\react-dom.development.js:24433:12)\n    at legacyRenderSubtreeIntoContainer (C:\\Users\\sands\\Documents\\Projects\\poetry-slack\\poetry-slack-client\\node_modules\\react-dom\\cjs\\react-dom.development.js:27527:5)\n    at Object.render (C:\\Users\\sands\\Documents\\Projects\\poetry-slack\\poetry-slack-client\\node_modules\\react-dom\\cjs\\react-dom.development.js:27608:10)\n    at C:\\Users\\sands\\Documents\\Projects\\poetry-slack\\poetry-slack-client\\node_modules\\@testing-library\\react\\dist\\pure.js:86:25\n    at batchedUpdates$1 (C:\\Users\\sands\\Documents\\Projects\\poetry-slack\\poetry-slack-client\\node_modules\\react-dom\\cjs\\react-dom.development.js:24386:12)\n    at act (C:\\Users\\sands\\Documents\\Projects\\poetry-slack\\poetry-slack-client\\node_modules\\react-dom\\cjs\\react-dom-test-utils.development.js:1092:14)\n    at render (C:\\Users\\sands\\Documents\\Projects\\poetry-slack\\poetry-slack-client\\node_modules\\@testing-library\\react\\dist\\pure.js:82:26)\n    at customRender (C:\\Users\\sands\\Documents\\Projects\\poetry-slack\\poetry-slack-client\\src\\utils\\test-utils.js:15:30)\n    at Object.it (C:\\Users\\sands\\Documents\\Projects\\poetry-slack\\poetry-slack-client\\src\\storybook\\pages\\BasePage\\BasePage.test.js:7:33)\n    at Object.asyncJestTest (C:\\Users\\sands\\Documents\\Projects\\poetry-slack\\poetry-slack-client\\node_modules\\jest-jasmine2\\build\\jasmineAsyncInstall.js:102:37)\n    at resolve (C:\\Users\\sands\\Documents\\Projects\\poetry-slack\\poetry-slack-client\\node_modules\\jest-jasmine2\\build\\queueRunner.js:43:12)\n    at new Promise (<anonymous>)\n    at mapper (C:\\Users\\sands\\Documents\\Projects\\poetry-slack\\poetry-slack-client\\node_modules\\jest-jasmine2\\build\\queueRunner.js:26:19)\n    at promise.then (C:\\Users\\sands\\Documents\\Projects\\poetry-slack\\poetry-slack-client\\node_modules\\jest-jasmine2\\build\\queueRunner.js:73:41)\n    at process._tickCallback (internal/process/next_tick.js:68:7)"],"fullName":"BasePage Default  should render without crashing","location":null,"status":"failed","title":"should render without crashing"}],"endTime":1578865452457,"message":"\u001b[1m\u001b[31m  \u001b[1m● \u001b[1mBasePage Default  › should render without crashing\u001b[39m\u001b[22m\n\n    Invariant failed: You should not use <Link> outside a <Router>\n\u001b[2m\u001b[22m\n\u001b[2m    \u001b[0m \u001b[90m 13 | \u001b[39m}\u001b[0m\u001b[22m\n\u001b[2m    \u001b[0m \u001b[90m 14 | \u001b[39m\u001b[0m\u001b[22m\n\u001b[2m    \u001b[0m\u001b[31m\u001b[1m>\u001b[2m\u001b[39m\u001b[90m 15 | \u001b[39m\u001b[36mconst\u001b[39m customRender \u001b[33m=\u001b[39m (ui) \u001b[33m=>\u001b[39m render(ui\u001b[33m,\u001b[39m { wrapper\u001b[33m:\u001b[39m \u001b[33mAllTheProviders\u001b[39m})\u001b[33m;\u001b[39m\u001b[0m\u001b[22m\n\u001b[2m    \u001b[0m \u001b[90m    | \u001b[39m                             \u001b[31m\u001b[1m^\u001b[2m\u001b[39m\u001b[0m\u001b[22m\n\u001b[2m    \u001b[0m \u001b[90m 16 | \u001b[39m\u001b[0m\u001b[22m\n\u001b[2m    \u001b[0m \u001b[90m 17 | \u001b[39m\u001b[90m// re-export everything\u001b[39m\u001b[0m\u001b[22m\n\u001b[2m    \u001b[0m \u001b[90m 18 | \u001b[39m\u001b[36mexport\u001b[39m \u001b[33m*\u001b[39m from \u001b[32m'@testing-library/react'\u001b[39m\u001b[33m;\u001b[39m\u001b[0m\u001b[22m\n\u001b[2m\u001b[22m\n\u001b[2m      \u001b[2mat invariant (\u001b[2mnode_modules/tiny-invariant/dist/tiny-invariant.cjs.js\u001b[2m:13:11)\u001b[2m\u001b[22m\n\u001b[2m      \u001b[2mat \u001b[2mnode_modules/react-router-dom/modules/Link.js\u001b[2m:84:11\u001b[2m\u001b[22m\n\u001b[2m      \u001b[2mat updateContextConsumer (\u001b[2mnode_modules/react-dom/cjs/react-dom.development.js\u001b[2m:19844:19)\u001b[2m\u001b[22m\n\u001b[2m      \u001b[2mat beginWork$1 (\u001b[2mnode_modules/react-dom/cjs/react-dom.development.js\u001b[2m:20227:14)\u001b[2m\u001b[22m\n\u001b[2m      \u001b[2mat HTMLUnknownElement.callCallback (\u001b[2mnode_modules/react-dom/cjs/react-dom.development.js\u001b[2m:336:14)\u001b[2m\u001b[22m\n\u001b[2m      \u001b[2mat invokeEventListeners (\u001b[2mnode_modules/jsdom/lib/jsdom/living/events/EventTarget-impl.js\u001b[2m:193:27)\u001b[2m\u001b[22m\n\u001b[2m      \u001b[2mat HTMLUnknownElementImpl._dispatch (\u001b[2mnode_modules/jsdom/lib/jsdom/living/events/EventTarget-impl.js\u001b[2m:119:9)\u001b[2m\u001b[22m\n\u001b[2m      \u001b[2mat HTMLUnknownElementImpl.dispatchEvent (\u001b[2mnode_modules/jsdom/lib/jsdom/living/events/EventTarget-impl.js\u001b[2m:82:17)\u001b[2m\u001b[22m\n\u001b[2m      \u001b[2mat HTMLUnknownElementImpl.dispatchEvent (\u001b[2mnode_modules/jsdom/lib/jsdom/living/nodes/HTMLElement-impl.js\u001b[2m:30:27)\u001b[2m\u001b[22m\n\u001b[2m      \u001b[2mat HTMLUnknownElement.dispatchEvent (\u001b[2mnode_modules/jsdom/lib/jsdom/living/generated/EventTarget.js\u001b[2m:157:21)\u001b[2m\u001b[22m\n\u001b[2m      \u001b[2mat Object.invokeGuardedCallbackDev (\u001b[2mnode_modules/react-dom/cjs/react-dom.development.js\u001b[2m:385:16)\u001b[2m\u001b[22m\n\u001b[2m      \u001b[2mat invokeGuardedCallback (\u001b[2mnode_modules/react-dom/cjs/react-dom.development.js\u001b[2m:440:31)\u001b[2m\u001b[22m\n\u001b[2m      \u001b[2mat beginWork$$1 (\u001b[2mnode_modules/react-dom/cjs/react-dom.development.js\u001b[2m:25780:7)\u001b[2m\u001b[22m\n\u001b[2m      \u001b[2mat performUnitOfWork (\u001b[2mnode_modules/react-dom/cjs/react-dom.development.js\u001b[2m:24698:12)\u001b[2m\u001b[22m\n\u001b[2m      \u001b[2mat workLoopSync (\u001b[2mnode_modules/react-dom/cjs/react-dom.development.js\u001b[2m:24671:22)\u001b[2m\u001b[22m\n\u001b[2m      \u001b[2mat performSyncWorkOnRoot (\u001b[2mnode_modules/react-dom/cjs/react-dom.development.js\u001b[2m:24270:11)\u001b[2m\u001b[22m\n\u001b[2m      \u001b[2mat scheduleUpdateOnFiber (\u001b[2mnode_modules/react-dom/cjs/react-dom.development.js\u001b[2m:23698:7)\u001b[2m\u001b[22m\n\u001b[2m      \u001b[2mat updateContainer (\u001b[2mnode_modules/react-dom/cjs/react-dom.development.js\u001b[2m:27103:3)\u001b[2m\u001b[22m\n\u001b[2m      \u001b[2mat \u001b[2mnode_modules/react-dom/cjs/react-dom.development.js\u001b[2m:27528:7\u001b[2m\u001b[22m\n\u001b[2m      \u001b[2mat unbatchedUpdates (\u001b[2mnode_modules/react-dom/cjs/react-dom.development.js\u001b[2m:24433:12)\u001b[2m\u001b[22m\n\u001b[2m      \u001b[2mat legacyRenderSubtreeIntoContainer (\u001b[2mnode_modules/react-dom/cjs/react-dom.development.js\u001b[2m:27527:5)\u001b[2m\u001b[22m\n\u001b[2m      \u001b[2mat Object.render (\u001b[2mnode_modules/react-dom/cjs/react-dom.development.js\u001b[2m:27608:10)\u001b[2m\u001b[22m\n\u001b[2m      \u001b[2mat \u001b[2mnode_modules/@testing-library/react/dist/pure.js\u001b[2m:86:25\u001b[2m\u001b[22m\n\u001b[2m      \u001b[2mat batchedUpdates$1 (\u001b[2mnode_modules/react-dom/cjs/react-dom.development.js\u001b[2m:24386:12)\u001b[2m\u001b[22m\n\u001b[2m      \u001b[2mat act (\u001b[2mnode_modules/react-dom/cjs/react-dom-test-utils.development.js\u001b[2m:1092:14)\u001b[2m\u001b[22m\n\u001b[2m      \u001b[2mat render (\u001b[2mnode_modules/@testing-library/react/dist/pure.js\u001b[2m:82:26)\u001b[2m\u001b[22m\n\u001b[2m      \u001b[2mat customRender (\u001b[2msrc/utils/test-utils.js\u001b[2m:15:30)\u001b[2m\u001b[22m\n\u001b[2m      \u001b[2mat Object.it (\u001b[2m\u001b[0m\u001b[36msrc/storybook/pages/BasePage/BasePage.test.js\u001b[39m\u001b[0m\u001b[2m:7:33)\u001b[2m\u001b[22m\n","name":"C:\\Users\\sands\\Documents\\Projects\\poetry-slack\\poetry-slack-client\\src\\storybook\\pages\\BasePage\\BasePage.test.js","startTime":1578865449289,"status":"failed","summary":""},{"assertionResults":[],"coverage":{},"endTime":1578865452841,"message":"  \u001b[1m● \u001b[22mTest suite failed to run\n\n    Cannot find module './Tile' from 'TileGroup.test.js'\n\n    \u001b[0m\u001b[31m\u001b[1m>\u001b[22m\u001b[39m\u001b[90m 1 | \u001b[39m\u001b[36mimport\u001b[39m { \u001b[33mTileDefault\u001b[39m } from \u001b[32m'./Tile'\u001b[39m\u001b[33m;\u001b[39m\u001b[0m\n    \u001b[0m \u001b[90m   | \u001b[39m\u001b[31m\u001b[1m^\u001b[22m\u001b[39m\u001b[0m\n    \u001b[0m \u001b[90m 2 | \u001b[39m\u001b[36mimport\u001b[39m { render } from \u001b[32m'test-utils'\u001b[39m\u001b[33m;\u001b[39m\u001b[0m\n    \u001b[0m \u001b[90m 3 | \u001b[39m\u001b[0m\n    \u001b[0m \u001b[90m 4 | \u001b[39mdescribe(\u001b[32m'Tile Default '\u001b[39m\u001b[33m,\u001b[39m () \u001b[33m=>\u001b[39m {\u001b[0m\n\n      \u001b[2mat Resolver.resolveModule (\u001b[22mnode_modules/jest-resolve/build/index.js\u001b[2m:259:17)\u001b[22m\n      \u001b[2mat Object.<anonymous> (\u001b[22m\u001b[0m\u001b[36msrc/storybook/components/TileGroup/TileGroup.test.js\u001b[39m\u001b[0m\u001b[2m:1:1)\u001b[22m\n","name":"C:\\Users\\sands\\Documents\\Projects\\poetry-slack\\poetry-slack-client\\src\\storybook\\components\\TileGroup\\TileGroup.test.js","startTime":1578865452841,"status":"failed","summary":""},{"assertionResults":[{"ancestorTitles":["Button Default "],"failureMessages":[],"fullName":"Button Default  should render without crashing","location":null,"status":"passed","title":"should render without crashing"}],"endTime":1578865452704,"message":"","name":"C:\\Users\\sands\\Documents\\Projects\\poetry-slack\\poetry-slack-client\\src\\storybook\\components\\Button\\Button.test.js","startTime":1578865452218,"status":"passed","summary":""},{"assertionResults":[{"ancestorTitles":["Login Default "],"failureMessages":["Error: Invariant failed: You should not use <Link> outside a <Router>\n    at invariant (C:\\Users\\sands\\Documents\\Projects\\poetry-slack\\poetry-slack-client\\node_modules\\tiny-invariant\\dist\\tiny-invariant.cjs.js:13:11)\n    at C:\\Users\\sands\\Documents\\Projects\\poetry-slack\\poetry-slack-client\\node_modules\\react-router-dom\\modules\\Link.js:84:11\n    at updateContextConsumer (C:\\Users\\sands\\Documents\\Projects\\poetry-slack\\poetry-slack-client\\node_modules\\react-dom\\cjs\\react-dom.development.js:19844:19)\n    at beginWork$1 (C:\\Users\\sands\\Documents\\Projects\\poetry-slack\\poetry-slack-client\\node_modules\\react-dom\\cjs\\react-dom.development.js:20227:14)\n    at HTMLUnknownElement.callCallback (C:\\Users\\sands\\Documents\\Projects\\poetry-slack\\poetry-slack-client\\node_modules\\react-dom\\cjs\\react-dom.development.js:336:14)\n    at invokeEventListeners (C:\\Users\\sands\\Documents\\Projects\\poetry-slack\\poetry-slack-client\\node_modules\\jsdom\\lib\\jsdom\\living\\events\\EventTarget-impl.js:193:27)\n    at HTMLUnknownElementImpl._dispatch (C:\\Users\\sands\\Documents\\Projects\\poetry-slack\\poetry-slack-client\\node_modules\\jsdom\\lib\\jsdom\\living\\events\\EventTarget-impl.js:119:9)\n    at HTMLUnknownElementImpl.dispatchEvent (C:\\Users\\sands\\Documents\\Projects\\poetry-slack\\poetry-slack-client\\node_modules\\jsdom\\lib\\jsdom\\living\\events\\EventTarget-impl.js:82:17)\n    at HTMLUnknownElementImpl.dispatchEvent (C:\\Users\\sands\\Documents\\Projects\\poetry-slack\\poetry-slack-client\\node_modules\\jsdom\\lib\\jsdom\\living\\nodes\\HTMLElement-impl.js:30:27)\n    at HTMLUnknownElement.dispatchEvent (C:\\Users\\sands\\Documents\\Projects\\poetry-slack\\poetry-slack-client\\node_modules\\jsdom\\lib\\jsdom\\living\\generated\\EventTarget.js:157:21)\n    at Object.invokeGuardedCallbackDev (C:\\Users\\sands\\Documents\\Projects\\poetry-slack\\poetry-slack-client\\node_modules\\react-dom\\cjs\\react-dom.development.js:385:16)\n    at invokeGuardedCallback (C:\\Users\\sands\\Documents\\Projects\\poetry-slack\\poetry-slack-client\\node_modules\\react-dom\\cjs\\react-dom.development.js:440:31)\n    at beginWork$$1 (C:\\Users\\sands\\Documents\\Projects\\poetry-slack\\poetry-slack-client\\node_modules\\react-dom\\cjs\\react-dom.development.js:25780:7)\n    at performUnitOfWork (C:\\Users\\sands\\Documents\\Projects\\poetry-slack\\poetry-slack-client\\node_modules\\react-dom\\cjs\\react-dom.development.js:24698:12)\n    at workLoopSync (C:\\Users\\sands\\Documents\\Projects\\poetry-slack\\poetry-slack-client\\node_modules\\react-dom\\cjs\\react-dom.development.js:24671:22)\n    at performSyncWorkOnRoot (C:\\Users\\sands\\Documents\\Projects\\poetry-slack\\poetry-slack-client\\node_modules\\react-dom\\cjs\\react-dom.development.js:24270:11)\n    at scheduleUpdateOnFiber (C:\\Users\\sands\\Documents\\Projects\\poetry-slack\\poetry-slack-client\\node_modules\\react-dom\\cjs\\react-dom.development.js:23698:7)\n    at updateContainer (C:\\Users\\sands\\Documents\\Projects\\poetry-slack\\poetry-slack-client\\node_modules\\react-dom\\cjs\\react-dom.development.js:27103:3)\n    at C:\\Users\\sands\\Documents\\Projects\\poetry-slack\\poetry-slack-client\\node_modules\\react-dom\\cjs\\react-dom.development.js:27528:7\n    at unbatchedUpdates (C:\\Users\\sands\\Documents\\Projects\\poetry-slack\\poetry-slack-client\\node_modules\\react-dom\\cjs\\react-dom.development.js:24433:12)\n    at legacyRenderSubtreeIntoContainer (C:\\Users\\sands\\Documents\\Projects\\poetry-slack\\poetry-slack-client\\node_modules\\react-dom\\cjs\\react-dom.development.js:27527:5)\n    at Object.render (C:\\Users\\sands\\Documents\\Projects\\poetry-slack\\poetry-slack-client\\node_modules\\react-dom\\cjs\\react-dom.development.js:27608:10)\n    at C:\\Users\\sands\\Documents\\Projects\\poetry-slack\\poetry-slack-client\\node_modules\\@testing-library\\react\\dist\\pure.js:86:25\n    at batchedUpdates$1 (C:\\Users\\sands\\Documents\\Projects\\poetry-slack\\poetry-slack-client\\node_modules\\react-dom\\cjs\\react-dom.development.js:24386:12)\n    at act (C:\\Users\\sands\\Documents\\Projects\\poetry-slack\\poetry-slack-client\\node_modules\\react-dom\\cjs\\react-dom-test-utils.development.js:1092:14)\n    at render (C:\\Users\\sands\\Documents\\Projects\\poetry-slack\\poetry-slack-client\\node_modules\\@testing-library\\react\\dist\\pure.js:82:26)\n    at customRender (C:\\Users\\sands\\Documents\\Projects\\poetry-slack\\poetry-slack-client\\src\\utils\\test-utils.js:15:30)\n    at Object.it (C:\\Users\\sands\\Documents\\Projects\\poetry-slack\\poetry-slack-client\\src\\storybook\\pages\\Login\\Login.test.js:7:33)\n    at Object.asyncJestTest (C:\\Users\\sands\\Documents\\Projects\\poetry-slack\\poetry-slack-client\\node_modules\\jest-jasmine2\\build\\jasmineAsyncInstall.js:102:37)\n    at resolve (C:\\Users\\sands\\Documents\\Projects\\poetry-slack\\poetry-slack-client\\node_modules\\jest-jasmine2\\build\\queueRunner.js:43:12)\n    at new Promise (<anonymous>)\n    at mapper (C:\\Users\\sands\\Documents\\Projects\\poetry-slack\\poetry-slack-client\\node_modules\\jest-jasmine2\\build\\queueRunner.js:26:19)\n    at promise.then (C:\\Users\\sands\\Documents\\Projects\\poetry-slack\\poetry-slack-client\\node_modules\\jest-jasmine2\\build\\queueRunner.js:73:41)\n    at process._tickCallback (internal/process/next_tick.js:68:7)"],"fullName":"Login Default  should render without crashing","location":null,"status":"failed","title":"should render without crashing"}],"endTime":1578865452818,"message":"\u001b[1m\u001b[31m  \u001b[1m● \u001b[1mLogin Default  › should render without crashing\u001b[39m\u001b[22m\n\n    Invariant failed: You should not use <Link> outside a <Router>\n\u001b[2m\u001b[22m\n\u001b[2m    \u001b[0m \u001b[90m 13 | \u001b[39m}\u001b[0m\u001b[22m\n\u001b[2m    \u001b[0m \u001b[90m 14 | \u001b[39m\u001b[0m\u001b[22m\n\u001b[2m    \u001b[0m\u001b[31m\u001b[1m>\u001b[2m\u001b[39m\u001b[90m 15 | \u001b[39m\u001b[36mconst\u001b[39m customRender \u001b[33m=\u001b[39m (ui) \u001b[33m=>\u001b[39m render(ui\u001b[33m,\u001b[39m { wrapper\u001b[33m:\u001b[39m \u001b[33mAllTheProviders\u001b[39m})\u001b[33m;\u001b[39m\u001b[0m\u001b[22m\n\u001b[2m    \u001b[0m \u001b[90m    | \u001b[39m                             \u001b[31m\u001b[1m^\u001b[2m\u001b[39m\u001b[0m\u001b[22m\n\u001b[2m    \u001b[0m \u001b[90m 16 | \u001b[39m\u001b[0m\u001b[22m\n\u001b[2m    \u001b[0m \u001b[90m 17 | \u001b[39m\u001b[90m// re-export everything\u001b[39m\u001b[0m\u001b[22m\n\u001b[2m    \u001b[0m \u001b[90m 18 | \u001b[39m\u001b[36mexport\u001b[39m \u001b[33m*\u001b[39m from \u001b[32m'@testing-library/react'\u001b[39m\u001b[33m;\u001b[39m\u001b[0m\u001b[22m\n\u001b[2m\u001b[22m\n\u001b[2m      \u001b[2mat invariant (\u001b[2mnode_modules/tiny-invariant/dist/tiny-invariant.cjs.js\u001b[2m:13:11)\u001b[2m\u001b[22m\n\u001b[2m      \u001b[2mat \u001b[2mnode_modules/react-router-dom/modules/Link.js\u001b[2m:84:11\u001b[2m\u001b[22m\n\u001b[2m      \u001b[2mat updateContextConsumer (\u001b[2mnode_modules/react-dom/cjs/react-dom.development.js\u001b[2m:19844:19)\u001b[2m\u001b[22m\n\u001b[2m      \u001b[2mat beginWork$1 (\u001b[2mnode_modules/react-dom/cjs/react-dom.development.js\u001b[2m:20227:14)\u001b[2m\u001b[22m\n\u001b[2m      \u001b[2mat HTMLUnknownElement.callCallback (\u001b[2mnode_modules/react-dom/cjs/react-dom.development.js\u001b[2m:336:14)\u001b[2m\u001b[22m\n\u001b[2m      \u001b[2mat invokeEventListeners (\u001b[2mnode_modules/jsdom/lib/jsdom/living/events/EventTarget-impl.js\u001b[2m:193:27)\u001b[2m\u001b[22m\n\u001b[2m      \u001b[2mat HTMLUnknownElementImpl._dispatch (\u001b[2mnode_modules/jsdom/lib/jsdom/living/events/EventTarget-impl.js\u001b[2m:119:9)\u001b[2m\u001b[22m\n\u001b[2m      \u001b[2mat HTMLUnknownElementImpl.dispatchEvent (\u001b[2mnode_modules/jsdom/lib/jsdom/living/events/EventTarget-impl.js\u001b[2m:82:17)\u001b[2m\u001b[22m\n\u001b[2m      \u001b[2mat HTMLUnknownElementImpl.dispatchEvent (\u001b[2mnode_modules/jsdom/lib/jsdom/living/nodes/HTMLElement-impl.js\u001b[2m:30:27)\u001b[2m\u001b[22m\n\u001b[2m      \u001b[2mat HTMLUnknownElement.dispatchEvent (\u001b[2mnode_modules/jsdom/lib/jsdom/living/generated/EventTarget.js\u001b[2m:157:21)\u001b[2m\u001b[22m\n\u001b[2m      \u001b[2mat Object.invokeGuardedCallbackDev (\u001b[2mnode_modules/react-dom/cjs/react-dom.development.js\u001b[2m:385:16)\u001b[2m\u001b[22m\n\u001b[2m      \u001b[2mat invokeGuardedCallback (\u001b[2mnode_modules/react-dom/cjs/react-dom.development.js\u001b[2m:440:31)\u001b[2m\u001b[22m\n\u001b[2m      \u001b[2mat beginWork$$1 (\u001b[2mnode_modules/react-dom/cjs/react-dom.development.js\u001b[2m:25780:7)\u001b[2m\u001b[22m\n\u001b[2m      \u001b[2mat performUnitOfWork (\u001b[2mnode_modules/react-dom/cjs/react-dom.development.js\u001b[2m:24698:12)\u001b[2m\u001b[22m\n\u001b[2m      \u001b[2mat workLoopSync (\u001b[2mnode_modules/react-dom/cjs/react-dom.development.js\u001b[2m:24671:22)\u001b[2m\u001b[22m\n\u001b[2m      \u001b[2mat performSyncWorkOnRoot (\u001b[2mnode_modules/react-dom/cjs/react-dom.development.js\u001b[2m:24270:11)\u001b[2m\u001b[22m\n\u001b[2m      \u001b[2mat scheduleUpdateOnFiber (\u001b[2mnode_modules/react-dom/cjs/react-dom.development.js\u001b[2m:23698:7)\u001b[2m\u001b[22m\n\u001b[2m      \u001b[2mat updateContainer (\u001b[2mnode_modules/react-dom/cjs/react-dom.development.js\u001b[2m:27103:3)\u001b[2m\u001b[22m\n\u001b[2m      \u001b[2mat \u001b[2mnode_modules/react-dom/cjs/react-dom.development.js\u001b[2m:27528:7\u001b[2m\u001b[22m\n\u001b[2m      \u001b[2mat unbatchedUpdates (\u001b[2mnode_modules/react-dom/cjs/react-dom.development.js\u001b[2m:24433:12)\u001b[2m\u001b[22m\n\u001b[2m      \u001b[2mat legacyRenderSubtreeIntoContainer (\u001b[2mnode_modules/react-dom/cjs/react-dom.development.js\u001b[2m:27527:5)\u001b[2m\u001b[22m\n\u001b[2m      \u001b[2mat Object.render (\u001b[2mnode_modules/react-dom/cjs/react-dom.development.js\u001b[2m:27608:10)\u001b[2m\u001b[22m\n\u001b[2m      \u001b[2mat \u001b[2mnode_modules/@testing-library/react/dist/pure.js\u001b[2m:86:25\u001b[2m\u001b[22m\n\u001b[2m      \u001b[2mat batchedUpdates$1 (\u001b[2mnode_modules/react-dom/cjs/react-dom.development.js\u001b[2m:24386:12)\u001b[2m\u001b[22m\n\u001b[2m      \u001b[2mat act (\u001b[2mnode_modules/react-dom/cjs/react-dom-test-utils.development.js\u001b[2m:1092:14)\u001b[2m\u001b[22m\n\u001b[2m      \u001b[2mat render (\u001b[2mnode_modules/@testing-library/react/dist/pure.js\u001b[2m:82:26)\u001b[2m\u001b[22m\n\u001b[2m      \u001b[2mat customRender (\u001b[2msrc/utils/test-utils.js\u001b[2m:15:30)\u001b[2m\u001b[22m\n\u001b[2m      \u001b[2mat Object.it (\u001b[2m\u001b[0m\u001b[36msrc/storybook/pages/Login/Login.test.js\u001b[39m\u001b[0m\u001b[2m:7:33)\u001b[2m\u001b[22m\n","name":"C:\\Users\\sands\\Documents\\Projects\\poetry-slack\\poetry-slack-client\\src\\storybook\\pages\\Login\\Login.test.js","startTime":1578865452192,"status":"failed","summary":""}],"wasInterrupted":false}